<?xml version="1.0" encoding="UTF-8"?>
<!-- Generated by org.testng.reporters.JUnitReportReporter -->
<testsuite hostname="DESKTOP-077G3EM" failures="0" tests="1" name="com.zee5.Android_HipiScripts.AndroidHiPiNeoP1" time="853.634" errors="0" timestamp="19 Sep 2023 12:06:40 GMT">
  <testcase classname="com.zee5.Android_HipiScripts.AndroidHiPiNeoP1" name="rewardsV2ModuleP1" time="853.634"/>
</testsuite> <!-- com.zee5.Android_HipiScripts.AndroidHiPiNeoP1 -->
